

times in msec
 clock   self+sourced   self:  sourced script
 clock   elapsed:              other lines

000.005  000.005: --- NVIM STARTING ---
000.198  000.192: locale set
000.400  000.203: inits 1
000.407  000.007: window checked
002.628  002.221: parsing arguments
002.695  000.067: expanding arguments
002.714  000.019: inits 2
003.032  000.318: init highlight
003.033  000.001: waiting for UI
003.644  000.611: done waiting for UI
003.676  000.032: init screen for UI
003.693  000.017: init default mappings
003.741  000.049: init default autocommands
003.781  000.009  000.009: sourcing /usr/share/nvim/archlinux.vim
003.784  000.027  000.017: sourcing /etc/xdg//nvim/sysinit.vim
004.307  000.062  000.062: sourcing /usr/share/nvim/runtime/syntax/synload.vim
008.675  000.011  000.011: sourcing /usr/share/vim/vimfiles/ftdetect/PKGBUILD.vim
008.704  000.015  000.015: sourcing /usr/share/vim/vimfiles/ftdetect/conkyrc.vim
008.769  004.437  004.412: sourcing /usr/share/nvim/runtime/filetype.vim
009.314  000.383  000.383: sourcing /usr/share/nvim/runtime/scripts.vim
009.349  005.421  000.539: sourcing /usr/share/nvim/runtime/syntax/syntax.vim
009.864  006.050  000.629: sourcing /home/cid/.config/nvim/general/settings.vim
009.897  000.014  000.014: sourcing /home/cid/.config/nvim/general/auto.vim
010.998  001.082  001.082: sourcing /home/cid/.config/nvim/autoload/plug.vim
011.294  000.147  000.147: sourcing /home/cid/dotfiles/nvim/plug-config/start-screen.vim
011.646  000.313  000.313: sourcing /usr/share/nvim/runtime/ftoff.vim
016.913  000.011  000.011: sourcing /usr/share/vim/vimfiles/ftdetect/PKGBUILD.vim
016.940  000.014  000.014: sourcing /usr/share/vim/vimfiles/ftdetect/conkyrc.vim
017.009  004.629  004.604: sourcing /usr/share/nvim/runtime/filetype.vim
017.064  000.029  000.029: sourcing /usr/share/nvim/runtime/ftplugin.vim
017.111  000.023  000.023: sourcing /usr/share/nvim/runtime/indent.vim
017.158  000.008  000.008: sourcing /home/cid/.config/nvim/functions/isolatebrackets.vim
017.188  000.011  000.011: sourcing /home/cid/.config/nvim/functions/openandsearch.vim
017.210  000.008  000.008: sourcing /home/cid/.config/nvim/functions/indentfile.vim
017.268  000.042  000.042: sourcing /home/cid/.config/nvim/themes/airline.vim
017.462  000.177  000.177: sourcing /home/cid/.config/nvim/keys/mappings.vim
017.489  000.006  000.006: sourcing /home/cid/.config/nvim/keys/temporaryMappings.vim
017.516  000.004  000.004: sourcing /home/cid/.config/nvim/general/linux.vim
017.521  013.722  001.178: sourcing /home/cid/.config/nvim/init.vim
017.523  000.032: sourcing vimrc file(s)
018.019  000.166  000.166: sourcing /usr/share/nvim/runtime/plugin/gzip.vim
018.045  000.010  000.010: sourcing /usr/share/nvim/runtime/plugin/health.vim
018.120  000.063  000.063: sourcing /usr/share/nvim/runtime/plugin/man.vim
018.506  000.165  000.165: sourcing /usr/share/nvim/runtime/pack/dist/opt/matchit/plugin/matchit.vim
018.588  000.454  000.289: sourcing /usr/share/nvim/runtime/plugin/matchit.vim
018.730  000.128  000.128: sourcing /usr/share/nvim/runtime/plugin/matchparen.vim
019.104  000.360  000.360: sourcing /usr/share/nvim/runtime/plugin/netrwPlugin.vim
019.256  000.126  000.126: sourcing /usr/share/nvim/runtime/plugin/rplugin.vim
019.363  000.085  000.085: sourcing /usr/share/nvim/runtime/plugin/shada.vim
019.406  000.021  000.021: sourcing /usr/share/nvim/runtime/plugin/spellfile.vim
019.547  000.120  000.120: sourcing /usr/share/nvim/runtime/plugin/tarPlugin.vim
019.638  000.067  000.067: sourcing /usr/share/nvim/runtime/plugin/tohtml.vim
019.674  000.018  000.018: sourcing /usr/share/nvim/runtime/plugin/tutor.vim
019.858  000.167  000.167: sourcing /usr/share/nvim/runtime/plugin/zipPlugin.vim
020.495  000.561  000.561: sourcing /usr/share/vim/vimfiles/plugin/fzf.vim
020.697  000.829: loading rtp plugins
020.799  000.102: loading packages
021.109  000.311: loading after plugins
021.120  000.011: inits 3
024.349  003.228: reading ShaDa
024.522  000.173: opening buffers
024.544  000.022: BufEnter autocommands
024.546  000.002: editing files in windows
024.631  000.085: VimEnter autocommands
024.633  000.002: UIEnter autocommands
024.854  000.189  000.189: sourcing /usr/share/nvim/runtime/autoload/provider/clipboard.vim
024.861  000.038: before starting main loop
1403.836  1378.975: first screen update
1403.850  000.014: --- NVIM STARTED ---
